<?xml version="1.0" encoding="UTF-8"?>
<testsuite name="com.example.hello_selenium_junit.RobobarTest" tests="1" skipped="0" failures="0" errors="0" timestamp="2021-02-03T15:02:40" hostname="ubuntu" time="9.05">
  <properties/>
  <testcase name="qt3()" classname="com.example.hello_selenium_junit.RobobarTest" time="9.05"/>
  <system-out><![CDATA[total= vars.get(total).toString()
total = vars.get(total).toString()
total = vars.get(total).toString()
]]></system-out>
  <system-err><![CDATA[1612364560964	geckodriver	INFO	Listening on 127.0.0.1:26273
1612364560989	mozrunner::runner	INFO	Running command: "/usr/lib/firefox/firefox" "--marionette" "-headless" "-foreground" "-no-remote" "-profile" "/tmp/rust_mozprofilexpvnVX"
*** You are running in headless mode.

(firefox:62654): GLib-GObject-WARNING **: 16:02:41.696: invalid (NULL) pointer instance

(firefox:62654): GLib-GObject-CRITICAL **: 16:02:41.698: g_signal_connect_data: assertion 'G_TYPE_CHECK_INSTANCE (instance)' failed

(/usr/lib/firefox/firefox:62702): GLib-GObject-WARNING **: 16:02:42.595: invalid (NULL) pointer instance

(/usr/lib/firefox/firefox:62702): GLib-GObject-CRITICAL **: 16:02:42.595: g_signal_connect_data: assertion 'G_TYPE_CHECK_INSTANCE (instance)' failed

(/usr/lib/firefox/firefox:62717): GLib-GObject-WARNING **: 16:02:42.787: invalid (NULL) pointer instance

(/usr/lib/firefox/firefox:62717): GLib-GObject-CRITICAL **: 16:02:42.787: g_signal_connect_data: assertion 'G_TYPE_CHECK_INSTANCE (instance)' failed
console.warn: SearchSettings: "get: No settings file exists, new profile?" (new Error("", "(unknown module)"))

(/usr/lib/firefox/firefox:62779): GLib-GObject-WARNING **: 16:02:45.102: invalid (NULL) pointer instance

(/usr/lib/firefox/firefox:62779): GLib-GObject-CRITICAL **: 16:02:45.102: g_signal_connect_data: assertion 'G_TYPE_CHECK_INSTANCE (instance)' failed
1612364565181	Marionette	INFO	Listening on port 37225
1612364565259	Marionette	WARN	TLS certificate errors will be ignored for this session
Feb 03, 2021 4:02:45 PM org.openqa.selenium.remote.ProtocolHandshake createSession
INFO: Detected dialect: W3C
JavaScript error: resource://gre/modules/XULStore.jsm, line 66: Error: Can't find profile directory.
JavaScript error: resource://gre/modules/XULStore.jsm, line 66: Error: Can't find profile directory.
1612364569016	Marionette	INFO	Stopped listening on port 37225
]]></system-err>
</testsuite>
